<?xml version="1.0" encoding="utf-8"?>
<TestRun id="5be96913-dbd4-4d4c-8e8c-1e80123d3f7a" name="DESKTOP-HOO98RJ$@DESKTOP-HOO98RJ 2024-09-26 16:35:36" runUser="NT AUTHORITY\SYSTEM" xmlns="http://microsoft.com/schemas/VisualStudio/TeamTest/2010">
  <Times creation="2024-09-26T16:35:36.2042464+03:00" queuing="2024-09-26T16:35:36.2042469+03:00" start="2024-09-26T16:35:32.8265995+03:00" finish="2024-09-26T16:35:46.4662723+03:00" />
  <TestSettings name="default" id="ab839bdb-b788-4a6d-8e2d-2bd53b6fa3cd">
    <Deployment runDeploymentRoot="DESKTOP-HOO98RJ$_DESKTOP-HOO98RJ_2024-09-26_16_35_36" />
  </TestSettings>
  <Results>
    <UnitTestResult executionId="a61de43f-bee1-4b60-83ea-8ec286aaf602" testId="e898afc5-51e5-4bb7-13ec-d9a63368a121" testName="Execute" computerName="DESKTOP-HOO98RJ" duration="00:00:02.3837040" startTime="2024-09-26T16:35:38.6526350+03:00" endTime="2024-09-26T16:35:41.0364689+03:00" testType="13cdc9d9-ddb5-4fa4-a97d-d965ccfc6d4b" outcome="Passed" testListId="8c84fa94-04c1-424b-9868-57a2d4851a1d" relativeResultsDirectory="a61de43f-bee1-4b60-83ea-8ec286aaf602" />
    <UnitTestResult executionId="11acf6a9-17e0-4008-ab07-6dcd0e136e59" testId="dd029f5d-b91a-fca1-d396-d36ca933c127" testName="Execute" computerName="DESKTOP-HOO98RJ" duration="00:00:02.5862919" startTime="2024-09-26T16:35:43.7553401+03:00" endTime="2024-09-26T16:35:46.3417734+03:00" testType="13cdc9d9-ddb5-4fa4-a97d-d965ccfc6d4b" outcome="Passed" testListId="8c84fa94-04c1-424b-9868-57a2d4851a1d" relativeResultsDirectory="11acf6a9-17e0-4008-ab07-6dcd0e136e59">
      <Output>
        <StdOut>Sorting functionality is working as expected</StdOut>
      </Output>
    </UnitTestResult>
    <UnitTestResult executionId="c0f2479c-0c70-4b63-be73-4b56e651eff0" testId="39d46b34-5518-e4ec-c41e-ee11606278f6" testName="Execute" computerName="DESKTOP-HOO98RJ" duration="00:00:02.3625800" startTime="2024-09-26T16:35:33.4124245+03:00" endTime="2024-09-26T16:35:35.7750974+03:00" testType="13cdc9d9-ddb5-4fa4-a97d-d965ccfc6d4b" outcome="Passed" testListId="8c84fa94-04c1-424b-9868-57a2d4851a1d" relativeResultsDirectory="c0f2479c-0c70-4b63-be73-4b56e651eff0">
      <Output>
        <StdOut>Number of Item at cart icon as expcted</StdOut>
      </Output>
    </UnitTestResult>
    <UnitTestResult executionId="22635a8d-b94e-4614-997c-92c911a7c18b" testId="a0a759a3-2137-b88b-b45e-7f60e65637ed" testName="Execute" computerName="DESKTOP-HOO98RJ" duration="00:00:02.7182250" startTime="2024-09-26T16:35:41.0367401+03:00" endTime="2024-09-26T16:35:43.7551137+03:00" testType="13cdc9d9-ddb5-4fa4-a97d-d965ccfc6d4b" outcome="Passed" testListId="8c84fa94-04c1-424b-9868-57a2d4851a1d" relativeResultsDirectory="22635a8d-b94e-4614-997c-92c911a7c18b">
      <Output>
        <StdOut>By.Name: remove-sauce-labs-backpack</StdOut>
      </Output>
    </UnitTestResult>
    <UnitTestResult executionId="be1ffb5a-e2c5-41f7-860d-b265bd7e6d90" testId="28a5788e-db2a-a89b-4c8b-86db4c1c7ca7" testName="Execute" computerName="DESKTOP-HOO98RJ" duration="00:00:02.8749030" startTime="2024-09-26T16:35:35.7772688+03:00" endTime="2024-09-26T16:35:38.6523290+03:00" testType="13cdc9d9-ddb5-4fa4-a97d-d965ccfc6d4b" outcome="Passed" testListId="8c84fa94-04c1-424b-9868-57a2d4851a1d" relativeResultsDirectory="be1ffb5a-e2c5-41f7-860d-b265bd7e6d90">
      <Output>
        <StdOut>Item total: $29.99</StdOut>
      </Output>
    </UnitTestResult>
  </Results>
  <TestDefinitions>
    <UnitTest name="Execute" storage="c:\users\ahmadra\source\repos\saucedemoproject\saucedemoproject\bin\debug\net8.0\saucedemoproject.dll" id="e898afc5-51e5-4bb7-13ec-d9a63368a121">
      <Execution id="a61de43f-bee1-4b60-83ea-8ec286aaf602" />
      <TestMethod codeBase="C:\Users\AhmadRA\source\repos\SauceDemoProject\SauceDemoProject\bin\Debug\net8.0\SauceDemoProject.dll" adapterTypeName="executor://nunit3testexecutor/" className="SauceDemoProject.Tests.LoginWithValidCredentialsTest" name="Execute" />
    </UnitTest>
    <UnitTest name="Execute" storage="c:\users\ahmadra\source\repos\saucedemoproject\saucedemoproject\bin\debug\net8.0\saucedemoproject.dll" id="28a5788e-db2a-a89b-4c8b-86db4c1c7ca7">
      <Execution id="be1ffb5a-e2c5-41f7-860d-b265bd7e6d90" />
      <TestMethod codeBase="C:\Users\AhmadRA\source\repos\SauceDemoProject\SauceDemoProject\bin\Debug\net8.0\SauceDemoProject.dll" adapterTypeName="executor://nunit3testexecutor/" className="SauceDemoProject.Tests.CheckTotalPriceWhenBuyItemsTest" name="Execute" />
    </UnitTest>
    <UnitTest name="Execute" storage="c:\users\ahmadra\source\repos\saucedemoproject\saucedemoproject\bin\debug\net8.0\saucedemoproject.dll" id="39d46b34-5518-e4ec-c41e-ee11606278f6">
      <Execution id="c0f2479c-0c70-4b63-be73-4b56e651eff0" />
      <TestMethod codeBase="C:\Users\AhmadRA\source\repos\SauceDemoProject\SauceDemoProject\bin\Debug\net8.0\SauceDemoProject.dll" adapterTypeName="executor://nunit3testexecutor/" className="SauceDemoProject.Tests.AddProductToCartTest" name="Execute" />
    </UnitTest>
    <UnitTest name="Execute" storage="c:\users\ahmadra\source\repos\saucedemoproject\saucedemoproject\bin\debug\net8.0\saucedemoproject.dll" id="dd029f5d-b91a-fca1-d396-d36ca933c127">
      <Execution id="11acf6a9-17e0-4008-ab07-6dcd0e136e59" />
      <TestMethod codeBase="C:\Users\AhmadRA\source\repos\SauceDemoProject\SauceDemoProject\bin\Debug\net8.0\SauceDemoProject.dll" adapterTypeName="executor://nunit3testexecutor/" className="SauceDemoProject.Tests.SortProductByNameTest" name="Execute" />
    </UnitTest>
    <UnitTest name="Execute" storage="c:\users\ahmadra\source\repos\saucedemoproject\saucedemoproject\bin\debug\net8.0\saucedemoproject.dll" id="a0a759a3-2137-b88b-b45e-7f60e65637ed">
      <Execution id="22635a8d-b94e-4614-997c-92c911a7c18b" />
      <TestMethod codeBase="C:\Users\AhmadRA\source\repos\SauceDemoProject\SauceDemoProject\bin\Debug\net8.0\SauceDemoProject.dll" adapterTypeName="executor://nunit3testexecutor/" className="SauceDemoProject.Tests.RemoveProductFromCartTest" name="Execute" />
    </UnitTest>
  </TestDefinitions>
  <TestEntries>
    <TestEntry testId="e898afc5-51e5-4bb7-13ec-d9a63368a121" executionId="a61de43f-bee1-4b60-83ea-8ec286aaf602" testListId="8c84fa94-04c1-424b-9868-57a2d4851a1d" />
    <TestEntry testId="dd029f5d-b91a-fca1-d396-d36ca933c127" executionId="11acf6a9-17e0-4008-ab07-6dcd0e136e59" testListId="8c84fa94-04c1-424b-9868-57a2d4851a1d" />
    <TestEntry testId="39d46b34-5518-e4ec-c41e-ee11606278f6" executionId="c0f2479c-0c70-4b63-be73-4b56e651eff0" testListId="8c84fa94-04c1-424b-9868-57a2d4851a1d" />
    <TestEntry testId="a0a759a3-2137-b88b-b45e-7f60e65637ed" executionId="22635a8d-b94e-4614-997c-92c911a7c18b" testListId="8c84fa94-04c1-424b-9868-57a2d4851a1d" />
    <TestEntry testId="28a5788e-db2a-a89b-4c8b-86db4c1c7ca7" executionId="be1ffb5a-e2c5-41f7-860d-b265bd7e6d90" testListId="8c84fa94-04c1-424b-9868-57a2d4851a1d" />
  </TestEntries>
  <TestLists>
    <TestList name="Results Not in a List" id="8c84fa94-04c1-424b-9868-57a2d4851a1d" />
    <TestList name="All Loaded Results" id="19431567-8539-422a-85d7-44ee4e166bda" />
  </TestLists>
  <ResultSummary outcome="Completed">
    <Counters total="5" executed="5" passed="5" failed="0" error="0" timeout="0" aborted="0" inconclusive="0" passedButRunAborted="0" notRunnable="0" notExecuted="0" disconnected="0" warning="0" completed="0" inProgress="0" pending="0" />
    <Output>
      <StdOut>NUnit Adapter 4.6.0.0: Test execution started&#xD;
Running all tests in C:\Users\AhmadRA\source\repos\SauceDemoProject\SauceDemoProject\bin\Debug\net8.0\SauceDemoProject.dll&#xD;
   NUnit3TestExecutor discovered 5 of 5 NUnit test cases using Current Discovery mode, Non-Explicit run&#xD;
Starting ChromeDriver 128.0.6613.84 (606aa55c7d687518d34b55accc5a71ea0bd28727-refs/branch-heads/6613@{#1335}) on port 59867&#xD;
Only local connections are allowed.&#xD;
Please see https://chromedriver.chromium.org/security-considerations for suggestions on keeping ChromeDriver safe.&#xD;
ChromeDriver was started successfully on port 59867.&#xD;
Number of Item at cart icon as expcted&#xD;
&#xD;
Starting ChromeDriver 128.0.6613.84 (606aa55c7d687518d34b55accc5a71ea0bd28727-refs/branch-heads/6613@{#1335}) on port 59890&#xD;
Only local connections are allowed.&#xD;
Please see https://chromedriver.chromium.org/security-considerations for suggestions on keeping ChromeDriver safe.&#xD;
ChromeDriver was started successfully on port 59890.&#xD;
Item total: $29.99&#xD;
&#xD;
Starting ChromeDriver 128.0.6613.84 (606aa55c7d687518d34b55accc5a71ea0bd28727-refs/branch-heads/6613@{#1335}) on port 59913&#xD;
Only local connections are allowed.&#xD;
Please see https://chromedriver.chromium.org/security-considerations for suggestions on keeping ChromeDriver safe.&#xD;
ChromeDriver was started successfully on port 59913.&#xD;
Starting ChromeDriver 128.0.6613.84 (606aa55c7d687518d34b55accc5a71ea0bd28727-refs/branch-heads/6613@{#1335}) on port 59937&#xD;
Only local connections are allowed.&#xD;
Please see https://chromedriver.chromium.org/security-considerations for suggestions on keeping ChromeDriver safe.&#xD;
ChromeDriver was started successfully on port 59937.&#xD;
By.Name: remove-sauce-labs-backpack&#xD;
&#xD;
Starting ChromeDriver 128.0.6613.84 (606aa55c7d687518d34b55accc5a71ea0bd28727-refs/branch-heads/6613@{#1335}) on port 59960&#xD;
Only local connections are allowed.&#xD;
Please see https://chromedriver.chromium.org/security-considerations for suggestions on keeping ChromeDriver safe.&#xD;
ChromeDriver was started successfully on port 59960.&#xD;
Sorting functionality is working as expected&#xD;
&#xD;
NUnit Adapter 4.6.0.0: Test execution complete&#xD;
</StdOut>
    </Output>
  </ResultSummary>
</TestRun>