<?xml version="1.0" encoding="utf-8"?>
<TestRun id="d6d76c1f-ddef-4acc-bbd7-ab760d282581" name="DESKTOP-HOO98RJ$@DESKTOP-HOO98RJ 2024-09-25 20:38:43" runUser="NT AUTHORITY\SYSTEM" xmlns="http://microsoft.com/schemas/VisualStudio/TeamTest/2010">
  <Times creation="2024-09-25T20:38:43.3433074+03:00" queuing="2024-09-25T20:38:43.3433078+03:00" start="2024-09-25T20:38:42.5957916+03:00" finish="2024-09-25T20:38:43.3437032+03:00" />
  <TestSettings name="default" id="798e3f62-2795-493b-ac14-846aa1a0e8d4">
    <Deployment runDeploymentRoot="DESKTOP-HOO98RJ$_DESKTOP-HOO98RJ_2024-09-25_20_38_43" />
  </TestSettings>
  <TestLists>
    <TestList name="Results Not in a List" id="8c84fa94-04c1-424b-9868-57a2d4851a1d" />
    <TestList name="All Loaded Results" id="19431567-8539-422a-85d7-44ee4e166bda" />
  </TestLists>
  <ResultSummary outcome="Completed">
    <Counters total="0" executed="0" passed="0" failed="0" error="0" timeout="0" aborted="0" inconclusive="0" passedButRunAborted="0" notRunnable="0" notExecuted="0" disconnected="0" warning="0" completed="0" inProgress="0" pending="0" />
    <Output>
      <StdOut>NUnit Adapter 4.6.0.0: Test execution started&#xD;
Running all tests in C:\Users\AhmadRA\source\repos\SauceDemoProject\SauceDemoProject\bin\Debug\net8.0\SauceDemoProject.dll&#xD;
   NUnit failed to load C:\Users\AhmadRA\source\repos\SauceDemoProject\SauceDemoProject\bin\Debug\net8.0\SauceDemoProject.dll&#xD;
NUnit Adapter 4.6.0.0: Test execution complete&#xD;
</StdOut>
    </Output>
    <RunInfos>
      <RunInfo computerName="DESKTOP-HOO98RJ" outcome="Warning" timestamp="2024-09-25T20:38:43.2672182+03:00">
        <Text>No test is available in C:\Users\AhmadRA\source\repos\SauceDemoProject\SauceDemoProject\bin\Debug\net8.0\SauceDemoProject.dll. Make sure that test discoverer &amp; executors are registered and platform &amp; framework version settings are appropriate and try again.</Text>
      </RunInfo>
    </RunInfos>
  </ResultSummary>
</TestRun>